# JRE version: OpenJDK Runtime Environment (7.0_75-b13) (build 1.7.0_75-b13)
# Java VM: OpenJDK 64-Bit Server VM (24.75-b04 mixed mode linux-amd64 compressed oops)
Heap
 PSYoungGen      total 102912K, used 94167K [0x000000078da00000, 0x0000000794c80000, 0x0000000800000000)
  eden space 88576K, 100% used [0x000000078da00000,0x0000000793080000,0x0000000793080000)
  from space 14336K, 39% used [0x0000000793080000,0x00000007935f5c88,0x0000000793e80000)
  to   space 14336K, 36% used [0x0000000793e80000,0x000000079438cdb0,0x0000000794c80000)
 ParOldGen       total 233984K, used 16K [0x00000006a8e00000, 0x00000006b7280000, 0x000000078da00000)
  object space 233984K, 0% used [0x00000006a8e00000,0x00000006a8e04020,0x00000006b7280000)
 PSPermGen       total 21504K, used 15538K [0x000000069e800000, 0x000000069fd00000, 0x00000006a8e00000)
  object space 21504K, 72% used [0x000000069e800000,0x000000069f72cbe8,0x000000069fd00000)
GC Heap History (3 events):
Event: 9,873 GC heap before
{Heap before GC invocations=1 (full 0):
 PSYoungGen      total 102912K, used 88515K [0x000000078da00000, 0x0000000794c80000, 0x0000000800000000)
  eden space 88576K, 99% used [0x000000078da00000,0x0000000793070e10,0x0000000793080000)
  from space 14336K, 0% used [0x0000000793e80000,0x0000000793e80000,0x0000000794c80000)
  to   space 14336K, 0% used [0x0000000793080000,0x0000000793080000,0x0000000793e80000)
 ParOldGen       total 233984K, used 0K [0x00000006a8e00000, 0x00000006b7280000, 0x000000078da00000)
  object space 233984K, 0% used [0x00000006a8e00000,0x00000006a8e00000,0x00000006b7280000)
 PSPermGen       total 21504K, used 15469K [0x000000069e800000, 0x000000069fd00000, 0x00000006a8e00000)
  object space 21504K, 71% used [0x000000069e800000,0x000000069f71b558,0x000000069fd00000)
Event: 9,887 GC heap after
Heap after GC invocations=1 (full 0):
 PSYoungGen      total 102912K, used 5591K [0x000000078da00000, 0x0000000794c80000, 0x0000000800000000)
  eden space 88576K, 0% used [0x000000078da00000,0x000000078da00000,0x0000000793080000)
  from space 14336K, 39% used [0x0000000793080000,0x00000007935f5c88,0x0000000793e80000)
  to   space 14336K, 0% used [0x0000000793e80000,0x0000000793e80000,0x0000000794c80000)
 ParOldGen       total 233984K, used 8K [0x00000006a8e00000, 0x00000006b7280000, 0x000000078da00000)
  object space 233984K, 0% used [0x00000006a8e00000,0x00000006a8e02000,0x00000006b7280000)
 PSPermGen       total 21504K, used 15469K [0x000000069e800000, 0x000000069fd00000, 0x00000006a8e00000)
  object space 21504K, 71% used [0x000000069e800000,0x000000069f71b558,0x000000069fd00000)
}
Event: 18,129 GC heap before
{Heap before GC invocations=2 (full 0):
 PSYoungGen      total 102912K, used 94167K [0x000000078da00000, 0x0000000794c80000, 0x0000000800000000)
  eden space 88576K, 100% used [0x000000078da00000,0x0000000793080000,0x0000000793080000)
  from space 14336K, 39% used [0x0000000793080000,0x00000007935f5c88,0x0000000793e80000)
  to   space 14336K, 0% used [0x0000000793e80000,0x0000000793e80000,0x0000000794c80000)
 ParOldGen       total 233984K, used 8K [0x00000006a8e00000, 0x00000006b7280000, 0x000000078da00000)
  object space 233984K, 0% used [0x00000006a8e00000,0x00000006a8e02020,0x00000006b7280000)
 PSPermGen       total 21504K, used 15538K [0x000000069e800000, 0x000000069fd00000, 0x00000006a8e00000)
  object space 21504K, 72% used [0x000000069e800000,0x000000069f72cbe8,0x000000069fd00000)

