# JRE version: OpenJDK Runtime Environment (7.0_75-b13) (build 1.7.0_75-b13)
# Java VM: OpenJDK 64-Bit Server VM (24.75-b04 mixed mode linux-amd64 compressed oops)
Heap
 PSYoungGen      total 102912K, used 94050K [0x000000078da00000, 0x0000000794c80000, 0x0000000800000000)
  eden space 88576K, 100% used [0x000000078da00000,0x0000000793080000,0x0000000793080000)
  from space 14336K, 38% used [0x0000000793080000,0x00000007935d8bf0,0x0000000793e80000)
  to   space 14336K, 28% used [0x0000000793e80000,0x000000079428d0e8,0x0000000794c80000)
 ParOldGen       total 233984K, used 468K [0x00000006a8e00000, 0x00000006b7280000, 0x000000078da00000)
  object space 233984K, 0% used [0x00000006a8e00000,0x00000006a8e75148,0x00000006b7280000)
 PSPermGen       total 21504K, used 15491K [0x000000069e800000, 0x000000069fd00000, 0x00000006a8e00000)
  object space 21504K, 72% used [0x000000069e800000,0x000000069f720f18,0x000000069fd00000)
GC Heap History (3 events):
Event: 26,316 GC heap before
{Heap before GC invocations=1 (full 0):
 PSYoungGen      total 102912K, used 88576K [0x000000078da00000, 0x0000000794c80000, 0x0000000800000000)
  eden space 88576K, 100% used [0x000000078da00000,0x0000000793080000,0x0000000793080000)
  from space 14336K, 0% used [0x0000000793e80000,0x0000000793e80000,0x0000000794c80000)
  to   space 14336K, 0% used [0x0000000793080000,0x0000000793080000,0x0000000793e80000)
 ParOldGen       total 233984K, used 225K [0x00000006a8e00000, 0x00000006b7280000, 0x000000078da00000)
  object space 233984K, 0% used [0x00000006a8e00000,0x00000006a8e38410,0x00000006b7280000)
 PSPermGen       total 21504K, used 15425K [0x000000069e800000, 0x000000069fd00000, 0x00000006a8e00000)
  object space 21504K, 71% used [0x000000069e800000,0x000000069f710728,0x000000069fd00000)
Event: 26,329 GC heap after
Heap after GC invocations=1 (full 0):
 PSYoungGen      total 102912K, used 5474K [0x000000078da00000, 0x0000000794c80000, 0x0000000800000000)
  eden space 88576K, 0% used [0x000000078da00000,0x000000078da00000,0x0000000793080000)
  from space 14336K, 38% used [0x0000000793080000,0x00000007935d8bf0,0x0000000793e80000)
  to   space 14336K, 0% used [0x0000000793e80000,0x0000000793e80000,0x0000000794c80000)
 ParOldGen       total 233984K, used 233K [0x00000006a8e00000, 0x00000006b7280000, 0x000000078da00000)
  object space 233984K, 0% used [0x00000006a8e00000,0x00000006a8e3a410,0x00000006b7280000)
 PSPermGen       total 21504K, used 15425K [0x000000069e800000, 0x000000069fd00000, 0x00000006a8e00000)
  object space 21504K, 71% used [0x000000069e800000,0x000000069f710728,0x000000069fd00000)
}
Event: 54,297 GC heap before
{Heap before GC invocations=2 (full 0):
 PSYoungGen      total 102912K, used 94050K [0x000000078da00000, 0x0000000794c80000, 0x0000000800000000)
  eden space 88576K, 100% used [0x000000078da00000,0x0000000793080000,0x0000000793080000)
  from space 14336K, 38% used [0x0000000793080000,0x00000007935d8bf0,0x0000000793e80000)
  to   space 14336K, 0% used [0x0000000793e80000,0x0000000793e80000,0x0000000794c80000)
 ParOldGen       total 233984K, used 460K [0x00000006a8e00000, 0x00000006b7280000, 0x000000078da00000)
  object space 233984K, 0% used [0x00000006a8e00000,0x00000006a8e73148,0x00000006b7280000)
 PSPermGen       total 21504K, used 15491K [0x000000069e800000, 0x000000069fd00000, 0x00000006a8e00000)
  object space 21504K, 72% used [0x000000069e800000,0x000000069f720f18,0x000000069fd00000)

