# JRE version: OpenJDK Runtime Environment (7.0_75-b13) (build 1.7.0_75-b13)
# Java VM: OpenJDK 64-Bit Server VM (24.75-b04 mixed mode linux-amd64 compressed oops)
Heap
 PSYoungGen      total 102912K, used 94577K [0x000000078da00000, 0x0000000794c80000, 0x0000000800000000)
  eden space 88576K, 100% used [0x000000078da00000,0x0000000793080000,0x0000000793080000)
  from space 14336K, 41% used [0x0000000793080000,0x000000079365c5b8,0x0000000793e80000)
  to   space 14336K, 29% used [0x0000000793e80000,0x00000007942910f8,0x0000000794c80000)
 ParOldGen       total 233984K, used 16K [0x00000006a8e00000, 0x00000006b7280000, 0x000000078da00000)
  object space 233984K, 0% used [0x00000006a8e00000,0x00000006a8e04000,0x00000006b7280000)
 PSPermGen       total 21504K, used 15540K [0x000000069e800000, 0x000000069fd00000, 0x00000006a8e00000)
  object space 21504K, 72% used [0x000000069e800000,0x000000069f72d3d8,0x000000069fd00000)
GC Heap History (3 events):
Event: 27,135 GC heap before
{Heap before GC invocations=1 (full 0):
 PSYoungGen      total 102912K, used 88576K [0x000000078da00000, 0x0000000794c80000, 0x0000000800000000)
  eden space 88576K, 100% used [0x000000078da00000,0x0000000793080000,0x0000000793080000)
  from space 14336K, 0% used [0x0000000793e80000,0x0000000793e80000,0x0000000794c80000)
  to   space 14336K, 0% used [0x0000000793080000,0x0000000793080000,0x0000000793e80000)
 ParOldGen       total 233984K, used 0K [0x00000006a8e00000, 0x00000006b7280000, 0x000000078da00000)
  object space 233984K, 0% used [0x00000006a8e00000,0x00000006a8e00000,0x00000006b7280000)
 PSPermGen       total 21504K, used 15424K [0x000000069e800000, 0x000000069fd00000, 0x00000006a8e00000)
  object space 21504K, 71% used [0x000000069e800000,0x000000069f710358,0x000000069fd00000)
Event: 27,151 GC heap after
Heap after GC invocations=1 (full 0):
 PSYoungGen      total 102912K, used 6001K [0x000000078da00000, 0x0000000794c80000, 0x0000000800000000)
  eden space 88576K, 0% used [0x000000078da00000,0x000000078da00000,0x0000000793080000)
  from space 14336K, 41% used [0x0000000793080000,0x000000079365c5b8,0x0000000793e80000)
  to   space 14336K, 0% used [0x0000000793e80000,0x0000000793e80000,0x0000000794c80000)
 ParOldGen       total 233984K, used 8K [0x00000006a8e00000, 0x00000006b7280000, 0x000000078da00000)
  object space 233984K, 0% used [0x00000006a8e00000,0x00000006a8e02000,0x00000006b7280000)
 PSPermGen       total 21504K, used 15424K [0x000000069e800000, 0x000000069fd00000, 0x00000006a8e00000)
  object space 21504K, 71% used [0x000000069e800000,0x000000069f710358,0x000000069fd00000)
}
Event: 54,441 GC heap before
{Heap before GC invocations=2 (full 0):
 PSYoungGen      total 102912K, used 94577K [0x000000078da00000, 0x0000000794c80000, 0x0000000800000000)
  eden space 88576K, 100% used [0x000000078da00000,0x0000000793080000,0x0000000793080000)
  from space 14336K, 41% used [0x0000000793080000,0x000000079365c5b8,0x0000000793e80000)
  to   space 14336K, 0% used [0x0000000793e80000,0x0000000793e80000,0x0000000794c80000)
 ParOldGen       total 233984K, used 8K [0x00000006a8e00000, 0x00000006b7280000, 0x000000078da00000)
  object space 233984K, 0% used [0x00000006a8e00000,0x00000006a8e02000,0x00000006b7280000)
 PSPermGen       total 21504K, used 15540K [0x000000069e800000, 0x000000069fd00000, 0x00000006a8e00000)
  object space 21504K, 72% used [0x000000069e800000,0x000000069f72d3d8,0x000000069fd00000)

